# JRE version: OpenJDK Runtime Environment (17.0.11) (build 17.0.11+0--11852314)
# Java VM: OpenJDK 64-Bit Server VM (17.0.11+0--11852314, mixed mode, tiered, compressed oops, compressed class ptrs, g1 gc, windows-amd64)
GC Precious Log:
 CPUs: 4 total, 4 available
 Memory: 8130M
 Large Page Support: Disabled
 NUMA Support: Disabled
 Compressed Oops: Enabled (32-bit)
 Heap Region Size: 1M
 Heap Min Capacity: 8M
 Heap Initial Capacity: 128M
 Heap Max Capacity: 2G
 Pre-touch: Disabled
 Parallel Workers: 4
 Concurrent Workers: 1
 Concurrent Refinement Workers: 4
 Periodic GC: Disabled
Heap:
 garbage-first heap   total 71680K, used 42558K [0x0000000080000000, 0x0000000100000000)
  region size 1024K, 20 young (20480K), 5 survivors (5120K)
 Metaspace       used 42462K, committed 42816K, reserved 1114112K
  class space    used 5652K, committed 5824K, reserved 1048576K
GC Heap History (18 events):
Event: 1.224 GC heap before
{Heap before GC invocations=0 (full 0):
 garbage-first heap   total 131072K, used 12288K [0x0000000080000000, 0x0000000100000000)
  region size 1024K, 13 young (13312K), 0 survivors (0K)
 Metaspace       used 7664K, committed 7808K, reserved 1114112K
  class space    used 672K, committed 704K, reserved 1048576K
}
Event: 1.227 GC heap after
{Heap after GC invocations=1 (full 0):
 garbage-first heap   total 131072K, used 3140K [0x0000000080000000, 0x0000000100000000)
  region size 1024K, 2 young (2048K), 2 survivors (2048K)
 Metaspace       used 7664K, committed 7808K, reserved 1114112K
  class space    used 672K, committed 704K, reserved 1048576K
}
Event: 2.801 GC heap before
{Heap before GC invocations=1 (full 0):
 garbage-first heap   total 131072K, used 22596K [0x0000000080000000, 0x0000000100000000)
  region size 1024K, 18 young (18432K), 2 survivors (2048K)
 Metaspace       used 11382K, committed 11584K, reserved 1114112K
  class space    used 1195K, committed 1280K, reserved 1048576K
}
Event: 2.805 GC heap after
{Heap after GC invocations=2 (full 0):
 garbage-first heap   total 131072K, used 10655K [0x0000000080000000, 0x0000000100000000)
  region size 1024K, 3 young (3072K), 3 survivors (3072K)
 Metaspace       used 11382K, committed 11584K, reserved 1114112K
  class space    used 1195K, committed 1280K, reserved 1048576K
}
Event: 3.366 GC heap before
{Heap before GC invocations=2 (full 0):
 garbage-first heap   total 131072K, used 34207K [0x0000000080000000, 0x0000000100000000)
  region size 1024K, 26 young (26624K), 3 survivors (3072K)
 Metaspace       used 11456K, committed 11648K, reserved 1114112K
  class space    used 1196K, committed 1280K, reserved 1048576K
}
Event: 3.368 GC heap after
{Heap after GC invocations=3 (full 0):
 garbage-first heap   total 131072K, used 11539K [0x0000000080000000, 0x0000000100000000)
  region size 1024K, 1 young (1024K), 1 survivors (1024K)
 Metaspace       used 11456K, committed 11648K, reserved 1114112K
  class space    used 1196K, committed 1280K, reserved 1048576K
}
Event: 7.387 GC heap before
{Heap before GC invocations=3 (full 0):
 garbage-first heap   total 131072K, used 59667K [0x0000000080000000, 0x0000000100000000)
  region size 1024K, 48 young (49152K), 1 survivors (1024K)
 Metaspace       used 21245K, committed 21504K, reserved 1114112K
  class space    used 2489K, committed 2624K, reserved 1048576K
}
Event: 7.394 GC heap after
{Heap after GC invocations=4 (full 0):
 garbage-first heap   total 131072K, used 19488K [0x0000000080000000, 0x0000000100000000)
  region size 1024K, 9 young (9216K), 9 survivors (9216K)
 Metaspace       used 21245K, committed 21504K, reserved 1114112K
  class space    used 2489K, committed 2624K, reserved 1048576K
}
Event: 13.623 GC heap before
{Heap before GC invocations=5 (full 0):
 garbage-first heap   total 71680K, used 52256K [0x0000000080000000, 0x0000000100000000)
  region size 1024K, 42 young (43008K), 9 survivors (9216K)
 Metaspace       used 26496K, committed 26816K, reserved 1114112K
  class space    used 3377K, committed 3520K, reserved 1048576K
}
Event: 13.631 GC heap after
{Heap after GC invocations=6 (full 0):
 garbage-first heap   total 71680K, used 21071K [0x0000000080000000, 0x0000000100000000)
  region size 1024K, 2 young (2048K), 2 survivors (2048K)
 Metaspace       used 26496K, committed 26816K, reserved 1114112K
  class space    used 3377K, committed 3520K, reserved 1048576K
}
Event: 15.916 GC heap before
{Heap before GC invocations=6 (full 0):
 garbage-first heap   total 71680K, used 50767K [0x0000000080000000, 0x0000000100000000)
  region size 1024K, 32 young (32768K), 2 survivors (2048K)
 Metaspace       used 30714K, committed 31040K, reserved 1114112K
  class space    used 4083K, committed 4224K, reserved 1048576K
}
Event: 15.920 GC heap after
{Heap after GC invocations=7 (full 0):
 garbage-first heap   total 71680K, used 22684K [0x0000000080000000, 0x0000000100000000)
  region size 1024K, 4 young (4096K), 4 survivors (4096K)
 Metaspace       used 30714K, committed 31040K, reserved 1114112K
  class space    used 4083K, committed 4224K, reserved 1048576K
}
Event: 18.405 GC heap before
{Heap before GC invocations=7 (full 0):
 garbage-first heap   total 71680K, used 53404K [0x0000000080000000, 0x0000000100000000)
  region size 1024K, 34 young (34816K), 4 survivors (4096K)
 Metaspace       used 34496K, committed 34816K, reserved 1114112K
  class space    used 4700K, committed 4864K, reserved 1048576K
}
Event: 18.411 GC heap after
{Heap after GC invocations=8 (full 0):
 garbage-first heap   total 71680K, used 24132K [0x0000000080000000, 0x0000000100000000)
  region size 1024K, 4 young (4096K), 4 survivors (4096K)
 Metaspace       used 34496K, committed 34816K, reserved 1114112K
  class space    used 4700K, committed 4864K, reserved 1048576K
}
Event: 18.755 GC heap before
{Heap before GC invocations=8 (full 0):
 garbage-first heap   total 71680K, used 30276K [0x0000000080000000, 0x0000000100000000)
  region size 1024K, 11 young (11264K), 4 survivors (4096K)
 Metaspace       used 35671K, committed 35968K, reserved 1114112K
  class space    used 4856K, committed 4992K, reserved 1048576K
}
Event: 18.760 GC heap after
{Heap after GC invocations=9 (full 0):
 garbage-first heap   total 71680K, used 24573K [0x0000000080000000, 0x0000000100000000)
  region size 1024K, 2 young (2048K), 2 survivors (2048K)
 Metaspace       used 35671K, committed 35968K, reserved 1114112K
  class space    used 4856K, committed 4992K, reserved 1048576K
}
Event: 20.779 GC heap before
{Heap before GC invocations=10 (full 0):
 garbage-first heap   total 71680K, used 55293K [0x0000000080000000, 0x0000000100000000)
  region size 1024K, 33 young (33792K), 2 survivors (2048K)
 Metaspace       used 41374K, committed 41728K, reserved 1114112K
  class space    used 5478K, committed 5632K, reserved 1048576K
}
Event: 20.787 GC heap after
{Heap after GC invocations=11 (full 0):
 garbage-first heap   total 71680K, used 28222K [0x0000000080000000, 0x0000000100000000)
  region size 1024K, 5 young (5120K), 5 survivors (5120K)
 Metaspace       used 41374K, committed 41728K, reserved 1114112K
  class space    used 5478K, committed 5632K, reserved 1048576K
}

