# JRE version: OpenJDK Runtime Environment (17.0.11) (build 17.0.11+0--11852314)
# Java VM: OpenJDK 64-Bit Server VM (17.0.11+0--11852314, mixed mode, tiered, compressed oops, compressed class ptrs, g1 gc, windows-amd64)
GC Precious Log:
 CPUs: 4 total, 4 available
 Memory: 8130M
 Large Page Support: Disabled
 NUMA Support: Disabled
 Compressed Oops: Enabled (32-bit)
 Heap Region Size: 1M
 Heap Min Capacity: 8M
 Heap Initial Capacity: 128M
 Heap Max Capacity: 2G
 Pre-touch: Disabled
 Parallel Workers: 4
 Concurrent Workers: 1
 Concurrent Refinement Workers: 4
 Periodic GC: Disabled
Heap:
 garbage-first heap   total 300032K, used 140895K [0x0000000080000000, 0x0000000100000000)
  region size 1024K, 1 young (1024K), 1 survivors (1024K)
 Metaspace       used 117522K, committed 118400K, reserved 1179648K
  class space    used 16043K, committed 16448K, reserved 1048576K
GC Heap History (20 events):
Event: 47.692 GC heap after
{Heap after GC invocations=54 (full 0):
 garbage-first heap   total 300032K, used 122860K [0x0000000080000000, 0x0000000100000000)
  region size 1024K, 2 young (2048K), 2 survivors (2048K)
 Metaspace       used 107936K, committed 108864K, reserved 1179648K
  class space    used 14907K, committed 15360K, reserved 1048576K
}
Event: 47.693 GC heap before
{Heap before GC invocations=54 (full 0):
 garbage-first heap   total 300032K, used 123884K [0x0000000080000000, 0x0000000100000000)
  region size 1024K, 3 young (3072K), 2 survivors (2048K)
 Metaspace       used 107936K, committed 108864K, reserved 1179648K
  class space    used 14907K, committed 15360K, reserved 1048576K
}
Event: 47.695 GC heap after
{Heap after GC invocations=55 (full 0):
 garbage-first heap   total 300032K, used 123334K [0x0000000080000000, 0x0000000100000000)
  region size 1024K, 2 young (2048K), 2 survivors (2048K)
 Metaspace       used 107936K, committed 108864K, reserved 1179648K
  class space    used 14907K, committed 15360K, reserved 1048576K
}
Event: 47.696 GC heap before
{Heap before GC invocations=55 (full 0):
 garbage-first heap   total 300032K, used 124358K [0x0000000080000000, 0x0000000100000000)
  region size 1024K, 3 young (3072K), 2 survivors (2048K)
 Metaspace       used 107936K, committed 108864K, reserved 1179648K
  class space    used 14907K, committed 15360K, reserved 1048576K
}
Event: 47.699 GC heap after
{Heap after GC invocations=56 (full 0):
 garbage-first heap   total 300032K, used 124366K [0x0000000080000000, 0x0000000100000000)
  region size 1024K, 2 young (2048K), 2 survivors (2048K)
 Metaspace       used 107936K, committed 108864K, reserved 1179648K
  class space    used 14907K, committed 15360K, reserved 1048576K
}
Event: 50.028 GC heap before
{Heap before GC invocations=57 (full 0):
 garbage-first heap   total 300032K, used 273870K [0x0000000080000000, 0x0000000100000000)
  region size 1024K, 138 young (141312K), 2 survivors (2048K)
 Metaspace       used 117511K, committed 118400K, reserved 1179648K
  class space    used 16042K, committed 16448K, reserved 1048576K
}
Event: 50.036 GC heap after
{Heap after GC invocations=58 (full 0):
 garbage-first heap   total 300032K, used 130983K [0x0000000080000000, 0x0000000100000000)
  region size 1024K, 6 young (6144K), 6 survivors (6144K)
 Metaspace       used 117511K, committed 118400K, reserved 1179648K
  class space    used 16042K, committed 16448K, reserved 1048576K
}
Event: 50.092 GC heap before
{Heap before GC invocations=58 (full 0):
 garbage-first heap   total 300032K, used 138151K [0x0000000080000000, 0x0000000100000000)
  region size 1024K, 14 young (14336K), 6 survivors (6144K)
 Metaspace       used 117514K, committed 118400K, reserved 1179648K
  class space    used 16042K, committed 16448K, reserved 1048576K
}
Event: 50.102 GC heap after
{Heap after GC invocations=59 (full 0):
 garbage-first heap   total 300032K, used 125450K [0x0000000080000000, 0x0000000100000000)
  region size 1024K, 1 young (1024K), 1 survivors (1024K)
 Metaspace       used 117514K, committed 118400K, reserved 1179648K
  class space    used 16042K, committed 16448K, reserved 1048576K
}
Event: 51.009 GC heap before
{Heap before GC invocations=59 (full 0):
 garbage-first heap   total 300032K, used 260618K [0x0000000080000000, 0x0000000100000000)
  region size 1024K, 133 young (136192K), 1 survivors (1024K)
 Metaspace       used 117522K, committed 118400K, reserved 1179648K
  class space    used 16043K, committed 16448K, reserved 1048576K
}
Event: 51.020 GC heap after
{Heap after GC invocations=60 (full 0):
 garbage-first heap   total 300032K, used 128664K [0x0000000080000000, 0x0000000100000000)
  region size 1024K, 4 young (4096K), 4 survivors (4096K)
 Metaspace       used 117522K, committed 118400K, reserved 1179648K
  class space    used 16043K, committed 16448K, reserved 1048576K
}
Event: 52.073 GC heap before
{Heap before GC invocations=61 (full 0):
 garbage-first heap   total 300032K, used 257688K [0x0000000080000000, 0x0000000100000000)
  region size 1024K, 131 young (134144K), 4 survivors (4096K)
 Metaspace       used 117522K, committed 118400K, reserved 1179648K
  class space    used 16043K, committed 16448K, reserved 1048576K
}
Event: 52.087 GC heap after
{Heap after GC invocations=62 (full 0):
 garbage-first heap   total 300032K, used 137641K [0x0000000080000000, 0x0000000100000000)
  region size 1024K, 13 young (13312K), 13 survivors (13312K)
 Metaspace       used 117522K, committed 118400K, reserved 1179648K
  class space    used 16043K, committed 16448K, reserved 1048576K
}
Event: 52.100 GC heap before
{Heap before GC invocations=62 (full 0):
 garbage-first heap   total 300032K, used 137641K [0x0000000080000000, 0x0000000100000000)
  region size 1024K, 14 young (14336K), 13 survivors (13312K)
 Metaspace       used 117522K, committed 118400K, reserved 1179648K
  class space    used 16043K, committed 16448K, reserved 1048576K
}
Event: 52.113 GC heap after
{Heap after GC invocations=63 (full 0):
 garbage-first heap   total 300032K, used 138596K [0x0000000080000000, 0x0000000100000000)
  region size 1024K, 2 young (2048K), 2 survivors (2048K)
 Metaspace       used 117522K, committed 118400K, reserved 1179648K
  class space    used 16043K, committed 16448K, reserved 1048576K
}
Event: 52.677 GC heap before
{Heap before GC invocations=63 (full 0):
 garbage-first heap   total 300032K, used 253284K [0x0000000080000000, 0x0000000100000000)
  region size 1024K, 115 young (117760K), 2 survivors (2048K)
 Metaspace       used 117522K, committed 118400K, reserved 1179648K
  class space    used 16043K, committed 16448K, reserved 1048576K
}
Event: 52.682 GC heap after
{Heap after GC invocations=64 (full 0):
 garbage-first heap   total 300032K, used 139114K [0x0000000080000000, 0x0000000100000000)
  region size 1024K, 3 young (3072K), 3 survivors (3072K)
 Metaspace       used 117522K, committed 118400K, reserved 1179648K
  class space    used 16043K, committed 16448K, reserved 1048576K
}
Event: 53.400 GC heap before
{Heap before GC invocations=65 (full 0):
 garbage-first heap   total 300032K, used 255850K [0x0000000080000000, 0x0000000100000000)
  region size 1024K, 117 young (119808K), 3 survivors (3072K)
 Metaspace       used 117522K, committed 118400K, reserved 1179648K
  class space    used 16043K, committed 16448K, reserved 1048576K
}
Event: 53.408 GC heap after
{Heap after GC invocations=66 (full 0):
 garbage-first heap   total 300032K, used 140708K [0x0000000080000000, 0x0000000100000000)
  region size 1024K, 5 young (5120K), 5 survivors (5120K)
 Metaspace       used 117522K, committed 118400K, reserved 1179648K
  class space    used 16043K, committed 16448K, reserved 1048576K
}
Event: 53.451 GC heap before
{Heap before GC invocations=66 (full 0):
 garbage-first heap   total 300032K, used 148900K [0x0000000080000000, 0x0000000100000000)
  region size 1024K, 14 young (14336K), 5 survivors (5120K)
 Metaspace       used 117522K, committed 118400K, reserved 1179648K
  class space    used 16043K, committed 16448K, reserved 1048576K
}

